#
# A fatal error has been detected by the Java Runtime Environment:
#
#  Internal Error (javaClasses.cpp:129), pid=9760, tid=1932
#  fatal error: Invalid layout of preloaded class
#
# JRE version: 7.0_25-b17
# Java VM: Java HotSpot(TM) 64-Bit Server VM (23.25-b01 mixed mode windows-amd64 compressed oops)
# Failed to write core dump. Minidumps are not enabled by default on client versions of Windows
#
# If you would like to submit a bug report, please visit:
#   http://bugreport.sun.com/bugreport/crash.jsp
#

---------------  T H R E A D  ---------------

Current thread (0x00000000020de000):  JavaThread "Unknown thread" [_thread_in_vm, id=1932, stack(0x0000000002450000,0x0000000002550000)]

Stack: [0x0000000002450000,0x0000000002550000]

---------------  P R O C E S S  ---------------

Java Threads: ( => current thread )

Other Threads:

=>0x00000000020de000 (exited) JavaThread "Unknown thread" [_thread_in_vm, id=1932, stack(0x0000000002450000,0x0000000002550000)]

VM state:not at safepoint (not fully initialized)

VM Mutex/Monitor currently owned by a thread: None

GC Heap History (0 events):
No events

Deoptimization events (0 events):
No events

Internal exceptions (0 events):
No events

Events (10 events):
Event: 0.022 loading class 0x0000000002160890 done
Event: 0.022 loading class 0x0000000002122990 done
Event: 0.022 loading class 0x0000000002122960
Event: 0.023 loading class 0x000000000216a600
Event: 0.023 loading class 0x000000000216a600 done
Event: 0.023 loading class 0x000000000216a640
Event: 0.023 loading class 0x000000000216a640 done
Event: 0.023 loading class 0x000000000b26e210
Event: 0.023 loading class 0x000000000b26e210 done
Event: 0.023 loading class 0x0000000002122960 done


Dynamic libraries:
0x000000013fc90000 - 0x000000013fcc3000 	C:\Program Files\Java\jre7\bin\javaw.exe
0x00000000773d0000 - 0x0000000077579000 	C:\Windows\SYSTEM32\ntdll.dll
0x00000000772b0000 - 0x00000000773cf000 	C:\Windows\system32\kernel32.dll
0x000007fefd330000 - 0x000007fefd39b000 	C:\Windows\system32\KERNELBASE.dll
0x000007fefe410000 - 0x000007fefe4eb000 	C:\Windows\system32\ADVAPI32.dll
0x000007fefdc40000 - 0x000007fefdcdf000 	C:\Windows\system32\msvcrt.dll
0x000007fefdaf0000 - 0x000007fefdb0f000 	C:\Windows\SYSTEM32\sechost.dll
0x000007fefe270000 - 0x000007fefe39d000 	C:\Windows\system32\RPCRT4.dll
0x00000000771b0000 - 0x00000000772aa000 	C:\Windows\system32\USER32.dll
0x000007fefe3a0000 - 0x000007fefe407000 	C:\Windows\system32\GDI32.dll
0x000007fefdb10000 - 0x000007fefdb1e000 	C:\Windows\system32\LPK.dll
0x000007feff610000 - 0x000007feff6d9000 	C:\Windows\system32\USP10.dll
0x000007fefbc20000 - 0x000007fefbe14000 	C:\Windows\WinSxS\amd64_microsoft.windows.common-controls_6595b64144ccf1df_6.0.7601.17514_none_fa396087175ac9ac\COMCTL32.dll
0x000007fefdb20000 - 0x000007fefdb91000 	C:\Windows\system32\SHLWAPI.dll
0x000007fefdf60000 - 0x000007fefdf8e000 	C:\Windows\system32\IMM32.DLL
0x000007fefd9e0000 - 0x000007fefdae9000 	C:\Windows\system32\MSCTF.dll
0x000000006d320000 - 0x000000006d3f1000 	C:\Program Files\Java\jre7\bin\msvcr100.dll
0x000000005b830000 - 0x000000005bf3f000 	C:\Program Files\Java\jre7\bin\server\jvm.dll
0x000007fef7fe0000 - 0x000007fef7fe9000 	C:\Windows\system32\WSOCK32.dll
0x000007fefd830000 - 0x000007fefd87d000 	C:\Windows\system32\WS2_32.dll
0x000007fefdf50000 - 0x000007fefdf58000 	C:\Windows\system32\NSI.dll
0x000007fef9ac0000 - 0x000007fef9afb000 	C:\Windows\system32\WINMM.dll
0x00000000775a0000 - 0x00000000775a7000 	C:\Windows\system32\PSAPI.DLL
0x0000000073eb0000 - 0x0000000073ebf000 	C:\Program Files\Java\jre7\bin\verify.dll
0x0000000073e80000 - 0x0000000073ea8000 	C:\Program Files\Java\jre7\bin\java.dll
0x0000000060080000 - 0x00000000600b5000 	C:\Program Files\Java\jre7\bin\jdwp.dll
0x000000006f080000 - 0x000000006f088000 	C:\Program Files\Java\jre7\bin\npt.dll
0x000000006d140000 - 0x000000006d155000 	C:\Program Files\Java\jre7\bin\zip.dll

VM Arguments:
jvm_args: -agentlib:jdwp=transport=dt_socket,suspend=y,address=localhost:40865 -Djava.library.path=C:\Users\Michael\Developer\AgileProject\src\dep -Dfile.encoding=UTF-8 -Xbootclasspath:C:\adt-bundle-windows\sdk\platforms\android-19\android.jar 
java_command: com.StockTake.FeedParserTest
Launcher Type: SUN_STANDARD

Environment Variables:
JAVA_HOME=C:\Program Files\Java\jre7
PATH=C:\Program Files (x86)\Intel\iCLS Client\;C:\Program Files\Intel\iCLS Client\;C:\Program Files\Common Files\Microsoft Shared\Windows Live;C:\Program Files (x86)\Common Files\Microsoft Shared\Windows Live;C:\Windows\system32;C:\Windows;C:\Windows\System32\Wbem;C:\Windows\System32\WindowsPowerShell\v1.0\;C:\Program Files (x86)\Windows Live\Shared;C:\Program Files (x86)\EgisTec MyWinLocker\x64;C:\Program Files (x86)\EgisTec MyWinLocker\;C:\Program Files (x86)\Intel\OpenCL SDK\2.0\bin\x86;C:\Program Files (x86)\Intel\OpenCL SDK\2.0\bin\x64;C:\Program Files\Intel\Intel(R) Management Engine Components\DAL;C:\Program Files\Intel\Intel(R) Management Engine Components\IPT;C:\Program Files (x86)\Intel\Intel(R) Management Engine Components\DAL;C:\Program Files (x86)\Intel\Intel(R) Management Engine Components\IPT;C:\Program Files\Microsoft\Web Platform Installer\;C:\Program Files (x86)\Microsoft ASP.NET\ASP.NET Web Pages\v1.0\;C:\Program Files (x86)\Windows Kits\8.0\Windows Performance Toolkit\;C:\Program Files\Microsoft SQL Server\110\Tools\Binn\;c:\Program Files (x86)\Microsoft SQL Server\100\Tools\Binn\;c:\Program Files\Microsoft SQL Server\100\Tools\Binn\;c:\Program Files\Microsoft SQL Server\100\DTS\Binn\;c:\python27
USERNAME=Rory Duthie
OS=Windows_NT
PROCESSOR_IDENTIFIER=Intel64 Family 6 Model 58 Stepping 9, GenuineIntel



---------------  S Y S T E M  ---------------

OS: Windows 7 , 64 bit Build 7601 Service Pack 1

CPU:total 4 (2 cores per cpu, 2 threads per core) family 6 model 58 stepping 9, cmov, cx8, fxsr, mmx, sse, sse2, sse3, ssse3, sse4.1, sse4.2, popcnt, avx, ht, tsc, tscinvbit, tscinv

Memory: 4k page, physical 8223084k(4889640k free), swap 16444304k(11181508k free)

vm_info: Java HotSpot(TM) 64-Bit Server VM (23.25-b01) for windows-amd64 JRE (1.7.0_25-b17), built on Jun 21 2013 12:58:32 by "java_re" with unknown MS VC++:1600

time: Fri Jan 31 15:16:57 2014
elapsed time: 0 seconds

